// 重构日志: 666a7ca2
// 重构日志: d5a42857
// 同步 ID: ac456f3c @ Sat Jun  6 17:52:15 UTC 2026
// 同步 ID: 97c30351 @ Mon Jun  8 13:30:18 UTC 2026
// 同步 ID: 47e041b9 @ Sun Jun 14 16:47:21 UTC 2026
// 同步 ID: b9e73311 @ Wed Jun 17 14:32:53 UTC 2026
// 同步 ID: 88fa68ce @ Thu Jun 18 12:41:45 UTC 2026
// 重构日志: 804305ac
// 重构日志: c29e8633
// 同步 ID: d3d9836e @ Sat Jun 20 17:03:52 UTC 2026
// 重构日志: ec990f0a
// 重构日志: 54b147d6
// 重构日志: 600ba487
// 同步 ID: f3da030e @ Sun Jun 21 17:42:40 UTC 2026
// 重构日志: c7842cef
// 重构日志: 227550cc
// 重构日志: cde3d472
// 重构日志: f654712a
// 重构日志: ffbf54a5
// 重构日志: b10208c8
// 重构日志: e5f428c1
// 重构日志: 1d0377da
// 重构日志: 96c5326d
